Arguments: 
  /usr/local/bin/node /Users/lu/.node/corepack/yarn/1.22.19/bin/yarn.js add README.md

PATH: 
  /usr/local/bin:/usr/bin:/bin:/usr/sbin:/sbin:/Library/Apple/usr/bin

Yarn version: 
  1.22.19

Node version: 
  16.16.0

Platform: 
  darwin arm64

Trace: 
  Error: https://registry.yarnpkg.com/README.md: Not found
      at Request.params.callback [as _callback] (/Users/lu/.node/corepack/yarn/1.22.19/lib/cli.js:66145:18)
      at Request.self.callback (/Users/lu/.node/corepack/yarn/1.22.19/lib/cli.js:140890:22)
      at Request.emit (node:events:527:28)
      at Request.<anonymous> (/Users/lu/.node/corepack/yarn/1.22.19/lib/cli.js:141862:10)
      at Request.emit (node:events:527:28)
      at IncomingMessage.<anonymous> (/Users/lu/.node/corepack/yarn/1.22.19/lib/cli.js:141784:12)
      at Object.onceWrapper (node:events:641:28)
      at IncomingMessage.emit (node:events:539:35)
      at endReadableNT (node:internal/streams/readable:1345:12)
      at processTicksAndRejections (node:internal/process/task_queues:83:21)

npm manifest: 
  {
    "name": "hardhat-resonance-fcc",
    "version": "1.0.0",
    "main": "index.js",
    "repository": "git@github.com:0xXiaoChen/hardhat-resonance-fcc.git",
    "author": "0xXiaoChen <1255552127@qq.com>",
    "license": "MIT"
  }

yarn manifest: 
  No manifest

Lockfile: 
  No lockfile
